<?xml version="1.0" encoding="UTF-8"?>
<testng-results ignored="0" total="1" passed="1" failed="0" skipped="0">
  <reporter-output>
  </reporter-output>
  <suite started-at="2023-06-23T23:41:17 IST" name="Default suite" finished-at="2023-06-23T23:41:17 IST" duration-ms="90">
    <groups>
    </groups>
    <test started-at="2023-06-23T23:41:17 IST" name="Default test" finished-at="2023-06-23T23:41:17 IST" duration-ms="90">
      <class name="StringPractice.TestNGPrac">
        <test-method signature="test()[pri:0, instance:StringPractice.TestNGPrac@d9345cd]" started-at="2023-06-23T23:41:17 IST" name="test" finished-at="2023-06-23T23:41:17 IST" duration-ms="13" status="PASS">
          <reporter-output>
          </reporter-output>
        </test-method> <!-- test -->
      </class> <!-- StringPractice.TestNGPrac -->
    </test> <!-- Default test -->
  </suite> <!-- Default suite -->
</testng-results>
